03/10/2018 19:04:42 PM => Environment values............
03/10/2018 19:04:42 PM => >>>>>>>>>>>>>>>>>>>>>>>>>>>>>>>>>>>>>>>>>>>>>>>>>>
03/10/2018 19:04:42 PM => Application on which executed : YBL
03/10/2018 19:04:42 PM => Type of testing : REGRESSION
03/10/2018 19:04:42 PM => Test environment on which application executed : 
03/10/2018 19:04:42 PM => URL : null
03/10/2018 19:04:42 PM => Driver Settings...>>>>>>>>>>>>>>>>>>>>>>>>>>>>>>>>>
03/10/2018 19:04:42 PM => STARTFROMHOMEPAGE <null> : NO
03/10/2018 19:04:42 PM => CLEARCOOKIEFOREACHTEST: NO
03/10/2018 19:04:42 PM => JAVASCRIPTTIMEOUT: 60
03/10/2018 19:04:42 PM => VERIFYJAVASCRIPTERRORS: YES
03/10/2018 19:04:42 PM => ALERTAUTOACCEPT: NO
03/10/2018 19:04:42 PM => Environment file location : /Users/macbook/Documents/iprogrammerAutomation/Config/Env.xml
03/10/2018 19:04:42 PM => Executed on browser : null
03/10/2018 19:04:42 PM => Repository location : /Users/macbook/Documents/iprogrammerAutomation/Repository/YBL_OR.xls
03/10/2018 19:04:42 PM => Suite file name and location : /Users/macbook/Documents/iprogrammerAutomation/Suites/YBL_REGRESSION_Suite.xls
03/10/2018 19:04:42 PM => Test execution report file : /Users/macbook/Documents/iprogrammerAutomation/Reports/03-10-2018_19-04-42-PM_REGRESSION/YBL_TA_Report_null_03-10-2018_19-04-42-PM.xls
03/10/2018 19:04:42 PM => Test execution log file : /Users/macbook/Documents/iprogrammerAutomation/Log/Log_03-10-2018_19-04-42-PM.log
03/10/2018 19:04:42 PM => >>>>>>>>>>>>>>>>>>>>>>>>>>>>>>>>>>>>>>>>>>>>>>>>>>
03/10/2018 19:04:42 PM => TEMPLORARY CURRENT EXECUTION PARAMETERS:
03/10/2018 19:04:42 PM => Templorary folder path : /Users/macbook/Documents/iprogrammerAutomation/Reports/03-10-2018_19-04-42-PM_REGRESSION/Temp/
03/10/2018 19:04:42 PM => Templorary TestSuite path : /Users/macbook/Documents/iprogrammerAutomation/Suites/YBL_REGRESSION_Suite.xls
03/10/2018 19:04:42 PM => Templorary TestLog path : /Users/macbook/Documents/iprogrammerAutomation/Reports/03-10-2018_19-04-42-PM_REGRESSION/Temp/TestExecutionLog.txt
03/10/2018 19:04:42 PM => Screen shot location for this execution : /Users/macbook/Documents/iprogrammerAutomation/Reports/03-10-2018_19-04-42-PM_REGRESSION/Temp/
03/10/2018 19:04:42 PM => >>>>>>>>>>>>>>>>>>>>>>>>>>>>>>>>>>>>>>>>>>>>>>>>>>
03/10/2018 19:04:42 PM => Start Processing OR for YBL App...
03/10/2018 19:04:42 PM => Processing OR for YBL App has been completed in row : 67
03/10/2018 19:04:42 PM => Test Execution was started...
03/10/2018 19:04:42 PM => Start processing script file : testMark1
03/10/2018 19:04:42 PM => Processing to add Common Steps...
03/10/2018 19:04:42 PM => Process of add Common Steps - Completed
03/10/2018 19:04:42 PM => Launch Web Driver process...
03/10/2018 19:04:43 PM => Cannot Find FireFox extension for JavaScript Error collector file
03/10/2018 19:04:50 PM => Script path : /Users/macbook/Documents/iprogrammerAutomation/Reports/03-10-2018_19-04-42-PM_REGRESSION/Temp/testMark1.xls
03/10/2018 19:04:50 PM => Step ID :--------- Step_R01
03/10/2018 19:04:57 PM => Navigate to URLhttp://13.126.191.252/- Pass
03/10/2018 19:04:57 PM => Step ID :--------- Step_R02
03/10/2018 19:04:57 PM => Element :Login_EmailFieldpresent - Pass
03/10/2018 19:04:57 PM => Step ID :--------- Step_R03
03/10/2018 19:04:58 PM => Enter text into :Login_EmailField - Pass
03/10/2018 19:04:59 PM => Step ID :--------- Step_R04
03/10/2018 19:04:59 PM => Enter text into :Login_Password - Pass
03/10/2018 19:04:59 PM => Step ID :--------- Step_R05
03/10/2018 19:05:00 PM => Element :Login_Buttonpresent - Pass
03/10/2018 19:05:00 PM => Step ID :--------- Step_R06
03/10/2018 19:05:00 PM => Click on :Login_Button - Pass
03/10/2018 19:05:01 PM => Step ID :--------- Step_R07
03/10/2018 19:05:01 PM => Element :Dashboard_DiscussionNoteHeadingpresent - Pass
03/10/2018 19:05:01 PM => Step ID :--------- Step_R08
03/10/2018 19:05:02 PM => Click on :Dashboard_CreateNoteButton - Pass
03/10/2018 19:05:03 PM => Step ID :--------- Step_R09
03/10/2018 19:05:09 PM => Enter text into :CreateNote_ClientIntroduction - Pass
03/10/2018 19:05:09 PM => Step ID :--------- Step_R10
03/10/2018 19:05:10 PM => Click on :CreateNote_ClientNames - Pass
03/10/2018 19:05:11 PM => Step ID :--------- Step_R11
03/10/2018 19:05:11 PM => Click on :CreateNote_ClientNames_InfoSystem - Pass
03/10/2018 19:05:11 PM => Step ID :--------- Step_R12
03/10/2018 19:05:12 PM => Enter text into :CreateNote_CompanyOfficials - Pass
03/10/2018 19:05:13 PM => Step ID :--------- Step_R13
03/10/2018 19:05:17 PM => Enter text into :CreateNote_Business of Client - Pass
03/10/2018 19:05:17 PM => Step ID :--------- Step_R14
03/10/2018 19:05:18 PM => Click on :CreateNote_Save And Next1 - Pass
03/10/2018 19:05:19 PM => Step ID :--------- Step_R15
03/10/2018 19:05:19 PM => Element :CreateNote_PRODUCT TYPEpresent - Pass
03/10/2018 19:05:19 PM => Step ID :--------- Step_R16
03/10/2018 19:05:19 PM => Click on :CreateNote_PRODUCT TYPE - Pass
03/10/2018 19:05:20 PM => Step ID :--------- Step_R17
03/10/2018 19:05:20 PM => Click on :CreateNote_PRODUCT TYPE_Long Term Forward - Pass
03/10/2018 19:05:21 PM => Step ID :--------- Step_R18
03/10/2018 19:05:27 PM => Enter text into :CreateNote_Trade Details - Pass
03/10/2018 19:05:27 PM => Step ID :--------- Step_R19
03/10/2018 19:05:30 PM => Enter text into :CreateNote_Appropriateness of the Derivative - Pass
03/10/2018 19:05:30 PM => Step ID :--------- Step_R20
03/10/2018 19:05:31 PM => Click on :CreateNote_Includes Deferred Premium Deal - Pass
03/10/2018 19:05:31 PM => Step ID :--------- Step_R21
03/10/2018 19:05:31 PM => Click on :CreateNote_Includes Deferred Premium Deal_NO - Pass
03/10/2018 19:05:32 PM => Step ID :--------- Step_R22
03/10/2018 19:05:33 PM => Enter text into :CreateNote_Credit Risk - Pass
03/10/2018 19:05:33 PM => Step ID :--------- Step_R23
03/10/2018 19:05:35 PM => Enter text into :CreateNote_Market Risk - Pass
03/10/2018 19:05:36 PM => Step ID :--------- Step_R24
03/10/2018 19:05:36 PM => Click on :CreateNote_Expected EarningsDDL - Pass
03/10/2018 19:05:36 PM => Step ID :--------- Step_R25
03/10/2018 19:05:37 PM => Click on :CreateNote_Expected EarningsDDL (INR) - Pass
03/10/2018 19:05:37 PM => Step ID :--------- Step_R26
03/10/2018 19:05:38 PM => Enter text into :CreateNote_Expected Earnings - Pass
03/10/2018 19:05:38 PM => Step ID :--------- Step_R27
03/10/2018 19:05:39 PM => Enter text into :CreateNote_Recommended Earnings - Pass
03/10/2018 19:05:39 PM => Step ID :--------- Step_R28
03/10/2018 19:05:40 PM => Enter text into :CreateNote_Reasonability Indicator - Pass
03/10/2018 19:05:40 PM => Step ID :--------- Step_R29
03/10/2018 19:05:41 PM => Enter text into :CreateNote_Delta - Pass
03/10/2018 19:05:42 PM => Step ID :--------- Step_R30
03/10/2018 19:05:42 PM => Element :CreateNote_NEXTBTN2present - Pass
03/10/2018 19:05:42 PM => Step ID :--------- Step_R31
03/10/2018 19:05:42 PM => Click on :CreateNote_NEXTBTN2 - Pass
03/10/2018 19:05:43 PM => Step ID :--------- Step_R32
03/10/2018 19:05:43 PM => Element :CreateNote_Board Approved Limitspresent - Pass
03/10/2018 19:05:43 PM => Step ID :--------- Step_R33
03/10/2018 19:05:44 PM => Enter text into :CreateNote_Board Approved Limits - Pass
03/10/2018 19:05:45 PM => Step ID :--------- Step_R34
03/10/2018 19:05:46 PM => Enter text into :CreateNote_Utilisation % (pre deal) - Pass
03/10/2018 19:05:46 PM => Step ID :--------- Step_R35
03/10/2018 19:05:47 PM => Enter text into :CreateNote_Utilisation % (post deal)  - Pass
03/10/2018 19:05:47 PM => Step ID :--------- Step_R36
03/10/2018 19:05:48 PM => Enter text into :CreateNote_MTM Details - Pass
03/10/2018 19:05:48 PM => Step ID :--------- Step_R37
03/10/2018 19:05:49 PM => Enter text into :CreateNote_Pending Documentation Exception - Pass
03/10/2018 19:05:49 PM => Step ID :--------- Step_R38
03/10/2018 19:05:50 PM => Enter text into :CreateNote_Sanctioned Limit - Pass
03/10/2018 19:05:50 PM => Step ID :--------- Step_R39
03/10/2018 19:05:51 PM => Enter text into :CreateNote_Treasury Exposure(Prior to Deal) - Pass
03/10/2018 19:05:52 PM => Step ID :--------- Step_R40
03/10/2018 19:05:52 PM => Enter text into :CreateNote_Limits required for the Deal  - Pass
03/10/2018 19:05:53 PM => Step ID :--------- Step_R41
03/10/2018 19:05:54 PM => Enter text into :CreateNote_Treasury Exposure (Post Deal) - Pass
03/10/2018 19:05:54 PM => Step ID :--------- Step_R42
03/10/2018 19:05:55 PM => Enter text into :CreateNote_Limit % Utilized (Post Deal)  - Pass
03/10/2018 19:05:55 PM => Step ID :--------- Step_R43
03/10/2018 19:05:56 PM => Enter text into :CreateNote_In case greater than 100%, reason for the same - Pass
03/10/2018 19:05:56 PM => Step ID :--------- Step_R44
03/10/2018 19:05:57 PM => Enter text into :CreateNote_Tenor Limits as per Sanctioned CAM - Pass
03/10/2018 19:05:57 PM => Step ID :--------- Step_R45
03/10/2018 19:05:58 PM => Enter text into :CreateNote_Deal Tenor - Pass
03/10/2018 19:05:58 PM => Step ID :--------- Step_R46
03/10/2018 19:05:58 PM => Click on :CreateNote_NEXTBTN3 - Pass
03/10/2018 19:05:59 PM => Step ID :--------- Step_R47
03/10/2018 19:05:59 PM => Click on :CreateNote_Customer appropriateness - Pass
03/10/2018 19:06:00 PM => Step ID :--------- Step_R48
03/10/2018 19:06:00 PM => Click on :CreateNote_Customer appropriateness_A - Pass
03/10/2018 19:06:01 PM => Step ID :--------- Step_R49
03/10/2018 19:06:01 PM => Click on :CreateNote_Select Deal - Pass
03/10/2018 19:06:02 PM => Step ID :--------- Step_R50
03/10/2018 19:06:02 PM => Click on :CreateNote_Select Deal_A - Pass
03/10/2018 19:06:02 PM => Step ID :--------- Step_R51
03/10/2018 19:06:03 PM => Enter text into :CreateNote_Appropriateness Comment - Pass
03/10/2018 19:06:03 PM => Step ID :--------- Step_R52
03/10/2018 19:06:04 PM => Enter text into :CreateNote_Underlying for Trade - Pass
03/10/2018 19:06:05 PM => Step ID :--------- Step_R53
03/10/2018 19:06:05 PM => Enter text into :CreateNote_Type of Structure - Pass
03/10/2018 19:06:06 PM => Step ID :--------- Step_R54
03/10/2018 19:06:07 PM => Enter text into :CreateNote_Rationale for the structure - Pass
03/10/2018 19:06:07 PM => Step ID :--------- Step_R55
03/10/2018 19:06:08 PM => Click on :CreateNote_Board Approved ERM - Pass
03/10/2018 19:06:08 PM => Step ID :--------- Step_R56
03/10/2018 19:06:09 PM => Click on :CreateNote_DDLYES - Pass
03/10/2018 19:06:09 PM => Step ID :--------- Step_R57
03/10/2018 19:06:10 PM => Enter text into :CreateNote_Additional comment1 - Pass
03/10/2018 19:06:10 PM => Step ID :--------- Step_R58
03/10/2018 19:06:11 PM => Click on :CreateNote_NEXTBTN4 - Pass
03/10/2018 19:06:11 PM => Step ID :--------- Step_R59
03/10/2018 19:06:11 PM => Element :CreateNote_ONE TIME APPROVALpresent - Pass
03/10/2018 19:06:12 PM => Step ID :--------- Step_R60
03/10/2018 19:06:22 PM => Pass -  to scroll at the bottom
03/10/2018 19:06:22 PM => Step ID :--------- Step_R61
03/10/2018 19:06:22 PM => Click on :CreateNote_ONE TIME APPROVAL - Pass
03/10/2018 19:06:23 PM => Step ID :--------- Step_R62
03/10/2018 19:06:23 PM => Click on :CreateNote_ONE TIME APPROVALNo - Pass
03/10/2018 19:06:24 PM => Step ID :--------- Step_R63
03/10/2018 19:06:24 PM => Click on :CreateNote_Approver - Pass
03/10/2018 19:06:25 PM => Step ID :--------- Step_R64
03/10/2018 19:06:25 PM => Click on :CreateNote_Approver_mithun - Pass
03/10/2018 19:06:26 PM => Step ID :--------- Step_R66
03/10/2018 19:06:26 PM => Click on :CreateNote_Approver_swami - Pass
03/10/2018 19:06:27 PM => Step ID :--------- Step_R68
03/10/2018 19:06:27 PM => Click on :CreateNote_Approver_sopan - Pass
03/10/2018 19:06:28 PM => Step ID :--------- Step_R69
03/10/2018 19:06:28 PM => Step ID :--------- Step_R70
03/10/2018 19:06:28 PM => Element :CreateNote_SubmitBtnpresent - Pass
03/10/2018 19:06:29 PM => Step ID :--------- Step_R71
03/10/2018 19:06:29 PM => Click on :CreateNote_SubmitBtn - Pass
03/10/2018 19:06:30 PM => Step ID :--------- Step_R72
03/10/2018 19:06:30 PM => Element :FM_SubmittedDN_casesRaisedByMeHeadingpresent - Pass
03/10/2018 19:06:32 PM => Close Webdriver Process - Completed
03/10/2018 19:06:32 PM => ***************************************************************
03/10/2018 19:06:32 PM => ***** Test script result :Pass *****
03/10/2018 19:06:32 PM => *** Test script Execution Time: 01:40.8 ***
03/10/2018 19:06:32 PM => ***************************************************************
03/10/2018 19:06:32 PM => Processing Suite file was completed in row:25
03/10/2018 19:06:32 PM => ==================================
03/10/2018 19:06:32 PM => Total Statistics: 
03/10/2018 19:06:32 PM => Total Tests Run : 1
03/10/2018 19:06:32 PM => Tests PASSED : 1
03/10/2018 19:06:32 PM => Tests FAILED : 0
03/10/2018 19:06:32 PM => JavaScript Errors : 0
03/10/2018 19:06:32 PM => ==================================
03/10/2018 19:06:32 PM => ***TEST RUN PASSED***
03/10/2018 19:06:32 PM => ***********Execution Completed Successfully**********
