03/10/2018 19:55:03 PM => Environment values............
03/10/2018 19:55:03 PM => >>>>>>>>>>>>>>>>>>>>>>>>>>>>>>>>>>>>>>>>>>>>>>>>>>
03/10/2018 19:55:03 PM => Application on which executed : YBL
03/10/2018 19:55:03 PM => Type of testing : REGRESSION
03/10/2018 19:55:03 PM => Test environment on which application executed : 
03/10/2018 19:55:03 PM => URL : null
03/10/2018 19:55:03 PM => Driver Settings...>>>>>>>>>>>>>>>>>>>>>>>>>>>>>>>>>
03/10/2018 19:55:03 PM => STARTFROMHOMEPAGE <null> : NO
03/10/2018 19:55:03 PM => CLEARCOOKIEFOREACHTEST: NO
03/10/2018 19:55:03 PM => JAVASCRIPTTIMEOUT: 60
03/10/2018 19:55:03 PM => VERIFYJAVASCRIPTERRORS: YES
03/10/2018 19:55:03 PM => ALERTAUTOACCEPT: NO
03/10/2018 19:55:03 PM => Environment file location : /Users/macbook/Documents/iprogrammerAutomation/Config/Env.xml
03/10/2018 19:55:03 PM => Executed on browser : null
03/10/2018 19:55:03 PM => Repository location : /Users/macbook/Documents/iprogrammerAutomation/Repository/YBL_OR.xls
03/10/2018 19:55:03 PM => Suite file name and location : /Users/macbook/Documents/iprogrammerAutomation/Suites/YBL_REGRESSION_Suite.xls
03/10/2018 19:55:03 PM => Test execution report file : /Users/macbook/Documents/iprogrammerAutomation/Reports/03-10-2018_19-55-03-PM_REGRESSION/YBL_TA_Report_null_03-10-2018_19-55-03-PM.xls
03/10/2018 19:55:03 PM => Test execution log file : /Users/macbook/Documents/iprogrammerAutomation/Log/Log_03-10-2018_19-55-03-PM.log
03/10/2018 19:55:03 PM => >>>>>>>>>>>>>>>>>>>>>>>>>>>>>>>>>>>>>>>>>>>>>>>>>>
03/10/2018 19:55:03 PM => TEMPLORARY CURRENT EXECUTION PARAMETERS:
03/10/2018 19:55:03 PM => Templorary folder path : /Users/macbook/Documents/iprogrammerAutomation/Reports/03-10-2018_19-55-03-PM_REGRESSION/Temp/
03/10/2018 19:55:03 PM => Templorary TestSuite path : /Users/macbook/Documents/iprogrammerAutomation/Suites/YBL_REGRESSION_Suite.xls
03/10/2018 19:55:03 PM => Templorary TestLog path : /Users/macbook/Documents/iprogrammerAutomation/Reports/03-10-2018_19-55-03-PM_REGRESSION/Temp/TestExecutionLog.txt
03/10/2018 19:55:03 PM => Screen shot location for this execution : /Users/macbook/Documents/iprogrammerAutomation/Reports/03-10-2018_19-55-03-PM_REGRESSION/Temp/
03/10/2018 19:55:03 PM => >>>>>>>>>>>>>>>>>>>>>>>>>>>>>>>>>>>>>>>>>>>>>>>>>>
