04/10/2018 17:43:11 PM => Environment values............
04/10/2018 17:43:11 PM => >>>>>>>>>>>>>>>>>>>>>>>>>>>>>>>>>>>>>>>>>>>>>>>>>>
04/10/2018 17:43:11 PM => Application on which executed : YBL
04/10/2018 17:43:11 PM => Type of testing : REGRESSION
04/10/2018 17:43:11 PM => Test environment on which application executed : 
04/10/2018 17:43:11 PM => URL : null
04/10/2018 17:43:11 PM => Driver Settings...>>>>>>>>>>>>>>>>>>>>>>>>>>>>>>>>>
04/10/2018 17:43:11 PM => STARTFROMHOMEPAGE <null> : NO
04/10/2018 17:43:11 PM => CLEARCOOKIEFOREACHTEST: NO
04/10/2018 17:43:11 PM => JAVASCRIPTTIMEOUT: 60
04/10/2018 17:43:11 PM => VERIFYJAVASCRIPTERRORS: YES
04/10/2018 17:43:11 PM => ALERTAUTOACCEPT: NO
04/10/2018 17:43:11 PM => Environment file location : /Users/macbook/Documents/iprogrammerAutomation/Config/Env.xml
04/10/2018 17:43:11 PM => Executed on browser : null
04/10/2018 17:43:11 PM => Repository location : /Users/macbook/Documents/iprogrammerAutomation/Repository/YBL_OR.xls
04/10/2018 17:43:11 PM => Suite file name and location : /Users/macbook/Documents/iprogrammerAutomation/Suites/YBL_REGRESSION_Suite.xls
04/10/2018 17:43:11 PM => Test execution report file : /Users/macbook/Documents/iprogrammerAutomation/Reports/04-10-2018_17-43-11-PM_REGRESSION/YBL_TA_Report_null_04-10-2018_17-43-11-PM.xls
04/10/2018 17:43:11 PM => Test execution log file : /Users/macbook/Documents/iprogrammerAutomation/Log/Log_04-10-2018_17-43-11-PM.log
04/10/2018 17:43:11 PM => >>>>>>>>>>>>>>>>>>>>>>>>>>>>>>>>>>>>>>>>>>>>>>>>>>
04/10/2018 17:43:11 PM => TEMPLORARY CURRENT EXECUTION PARAMETERS:
04/10/2018 17:43:11 PM => Templorary folder path : /Users/macbook/Documents/iprogrammerAutomation/Reports/04-10-2018_17-43-11-PM_REGRESSION/Temp/
04/10/2018 17:43:11 PM => Templorary TestSuite path : /Users/macbook/Documents/iprogrammerAutomation/Suites/YBL_REGRESSION_Suite.xls
04/10/2018 17:43:11 PM => Templorary TestLog path : /Users/macbook/Documents/iprogrammerAutomation/Reports/04-10-2018_17-43-11-PM_REGRESSION/Temp/TestExecutionLog.txt
04/10/2018 17:43:11 PM => Screen shot location for this execution : /Users/macbook/Documents/iprogrammerAutomation/Reports/04-10-2018_17-43-11-PM_REGRESSION/Temp/
04/10/2018 17:43:11 PM => >>>>>>>>>>>>>>>>>>>>>>>>>>>>>>>>>>>>>>>>>>>>>>>>>>
04/10/2018 17:43:11 PM => Environment values............
04/10/2018 17:43:11 PM => >>>>>>>>>>>>>>>>>>>>>>>>>>>>>>>>>>>>>>>>>>>>>>>>>>
04/10/2018 17:43:11 PM => Application on which executed : YBL
04/10/2018 17:43:11 PM => Type of testing : REGRESSION
04/10/2018 17:43:11 PM => Test environment on which application executed : 
04/10/2018 17:43:11 PM => URL : null
04/10/2018 17:43:11 PM => Driver Settings...>>>>>>>>>>>>>>>>>>>>>>>>>>>>>>>>>
04/10/2018 17:43:11 PM => STARTFROMHOMEPAGE <null> : NO
04/10/2018 17:43:11 PM => CLEARCOOKIEFOREACHTEST: NO
04/10/2018 17:43:11 PM => JAVASCRIPTTIMEOUT: 60
04/10/2018 17:43:11 PM => VERIFYJAVASCRIPTERRORS: YES
04/10/2018 17:43:11 PM => ALERTAUTOACCEPT: NO
04/10/2018 17:43:11 PM => Environment file location : /Users/macbook/Documents/iprogrammerAutomation/Config/Env.xml
04/10/2018 17:43:11 PM => Executed on browser : null
04/10/2018 17:43:11 PM => Repository location : /Users/macbook/Documents/iprogrammerAutomation/Repository/YBL_OR.xls
04/10/2018 17:43:11 PM => Suite file name and location : /Users/macbook/Documents/iprogrammerAutomation/Suites/YBL_REGRESSION_Suite.xls
04/10/2018 17:43:11 PM => Test execution report file : /Users/macbook/Documents/iprogrammerAutomation/Reports/04-10-2018_17-43-11-PM_REGRESSION/YBL_TA_Report_null_04-10-2018_17-43-11-PM.xls
04/10/2018 17:43:11 PM => Test execution log file : /Users/macbook/Documents/iprogrammerAutomation/Log/Log_04-10-2018_17-43-11-PM.log
04/10/2018 17:43:11 PM => >>>>>>>>>>>>>>>>>>>>>>>>>>>>>>>>>>>>>>>>>>>>>>>>>>
04/10/2018 17:43:11 PM => TEMPLORARY CURRENT EXECUTION PARAMETERS:
04/10/2018 17:43:11 PM => Templorary folder path : /Users/macbook/Documents/iprogrammerAutomation/Reports/04-10-2018_17-43-11-PM_REGRESSION/Temp/
04/10/2018 17:43:11 PM => Templorary TestSuite path : /Users/macbook/Documents/iprogrammerAutomation/Suites/YBL_REGRESSION_Suite.xls
04/10/2018 17:43:11 PM => Templorary TestLog path : /Users/macbook/Documents/iprogrammerAutomation/Reports/04-10-2018_17-43-11-PM_REGRESSION/Temp/TestExecutionLog.txt
04/10/2018 17:43:11 PM => Screen shot location for this execution : /Users/macbook/Documents/iprogrammerAutomation/Reports/04-10-2018_17-43-11-PM_REGRESSION/Temp/
04/10/2018 17:43:11 PM => >>>>>>>>>>>>>>>>>>>>>>>>>>>>>>>>>>>>>>>>>>>>>>>>>>
04/10/2018 17:43:12 PM => Start Processing OR for YBL App...
04/10/2018 17:43:12 PM => Processing OR for YBL App has been completed in row : 67
04/10/2018 17:43:12 PM => Test Execution was started...
04/10/2018 17:43:12 PM => Start processing script file : testMark1
04/10/2018 17:43:12 PM => Processing to add Common Steps...
04/10/2018 17:43:12 PM => Process of add Common Steps - Completed
04/10/2018 17:43:12 PM => Launch Web Driver process...
04/10/2018 17:43:12 PM => Cannot Find FireFox extension for JavaScript Error collector file
04/10/2018 17:43:23 PM => Script path : /Users/macbook/Documents/iprogrammerAutomation/Reports/04-10-2018_17-43-11-PM_REGRESSION/Temp/testMark1.xls
04/10/2018 17:43:23 PM => Step ID :--------- Step_R01
04/10/2018 17:43:32 PM => Navigate to URLhttp://13.126.191.252/- Pass
04/10/2018 17:43:32 PM => Step ID :--------- Step_R02
04/10/2018 17:43:32 PM => Element :Login_EmailFieldpresent - Pass
04/10/2018 17:43:33 PM => Step ID :--------- Step_R03
04/10/2018 17:43:33 PM => Enter text into :Login_EmailField - Pass
04/10/2018 17:43:34 PM => Step ID :--------- Step_R04
04/10/2018 17:43:34 PM => Enter text into :Login_Password - Pass
04/10/2018 17:43:35 PM => Step ID :--------- Step_R05
04/10/2018 17:43:35 PM => Element :Login_Buttonpresent - Pass
04/10/2018 17:43:35 PM => Step ID :--------- Step_R06
04/10/2018 17:43:35 PM => Click on :Login_Button - Pass
04/10/2018 17:43:36 PM => Step ID :--------- Step_R07
04/10/2018 17:43:36 PM => Element :Dashboard_DiscussionNoteHeadingpresent - Pass
04/10/2018 17:43:36 PM => Step ID :--------- Step_R08
04/10/2018 17:43:37 PM => Click on :Dashboard_CreateNoteButton - Pass
04/10/2018 17:43:38 PM => Step ID :--------- Step_R09
04/10/2018 17:43:44 PM => Enter text into :CreateNote_ClientIntroduction - Pass
04/10/2018 17:43:44 PM => Step ID :--------- Step_R10
04/10/2018 17:43:45 PM => Click on :CreateNote_ClientNames - Pass
04/10/2018 17:43:45 PM => Step ID :--------- Step_R11
04/10/2018 17:43:46 PM => Click on :CreateNote_ClientNames_InfoSystem - Pass
04/10/2018 17:43:46 PM => Step ID :--------- Step_R12
04/10/2018 17:43:47 PM => Enter text into :CreateNote_CompanyOfficials - Pass
04/10/2018 17:43:47 PM => Step ID :--------- Step_R13
04/10/2018 17:43:58 PM => Enter text into :CreateNote_Business of Client - Pass
04/10/2018 17:43:58 PM => Step ID :--------- Step_R14
04/10/2018 17:44:00 PM => Click on :CreateNote_Save And Next1 - Pass
04/10/2018 17:44:01 PM => Step ID :--------- Step_R15
04/10/2018 17:44:01 PM => Element :CreateNote_PRODUCT TYPEpresent - Pass
04/10/2018 17:44:01 PM => Step ID :--------- Step_R16
04/10/2018 17:44:01 PM => Click on :CreateNote_PRODUCT TYPE - Pass
04/10/2018 17:44:02 PM => Step ID :--------- Step_R17
04/10/2018 17:44:02 PM => Click on :CreateNote_PRODUCT TYPE_Long Term Forward - Pass
04/10/2018 17:44:03 PM => Step ID :--------- Step_R18
04/10/2018 17:44:09 PM => Enter text into :CreateNote_Trade Details - Pass
04/10/2018 17:44:09 PM => Step ID :--------- Step_R19
04/10/2018 17:44:12 PM => Enter text into :CreateNote_Appropriateness of the Derivative - Pass
04/10/2018 17:44:12 PM => Step ID :--------- Step_R20
04/10/2018 17:44:13 PM => Click on :CreateNote_Includes Deferred Premium Deal - Pass
04/10/2018 17:44:13 PM => Step ID :--------- Step_R21
04/10/2018 17:44:13 PM => Click on :CreateNote_Includes Deferred Premium Deal_NO - Pass
04/10/2018 17:44:14 PM => Step ID :--------- Step_R22
04/10/2018 17:44:15 PM => Enter text into :CreateNote_Credit Risk - Pass
04/10/2018 17:44:15 PM => Step ID :--------- Step_R23
04/10/2018 17:44:17 PM => Enter text into :CreateNote_Market Risk - Pass
04/10/2018 17:44:17 PM => Step ID :--------- Step_R24
04/10/2018 17:44:18 PM => Click on :CreateNote_Expected EarningsDDL - Pass
04/10/2018 17:44:18 PM => Step ID :--------- Step_R25
04/10/2018 17:44:19 PM => Click on :CreateNote_Expected EarningsDDL (INR) - Pass
04/10/2018 17:44:19 PM => Step ID :--------- Step_R26
04/10/2018 17:44:20 PM => Enter text into :CreateNote_Expected Earnings - Pass
04/10/2018 17:44:20 PM => Step ID :--------- Step_R27
04/10/2018 17:44:21 PM => Enter text into :CreateNote_Recommended Earnings - Pass
04/10/2018 17:44:21 PM => Step ID :--------- Step_R28
04/10/2018 17:44:22 PM => Enter text into :CreateNote_Reasonability Indicator - Pass
04/10/2018 17:44:23 PM => Step ID :--------- Step_R29
04/10/2018 17:44:24 PM => Enter text into :CreateNote_Delta - Pass
04/10/2018 17:44:24 PM => Step ID :--------- Step_R30
04/10/2018 17:44:24 PM => Element :CreateNote_NEXTBTN2present - Pass
04/10/2018 17:44:24 PM => Step ID :--------- Step_R31
04/10/2018 17:44:25 PM => Click on :CreateNote_NEXTBTN2 - Pass
04/10/2018 17:44:25 PM => Step ID :--------- Step_R32
04/10/2018 17:44:25 PM => Element :CreateNote_Board Approved Limitspresent - Pass
04/10/2018 17:44:26 PM => Step ID :--------- Step_R33
04/10/2018 17:44:27 PM => Enter text into :CreateNote_Board Approved Limits - Pass
04/10/2018 17:44:27 PM => Step ID :--------- Step_R34
04/10/2018 17:44:28 PM => Enter text into :CreateNote_Utilisation % (pre deal) - Pass
04/10/2018 17:44:28 PM => Step ID :--------- Step_R35
04/10/2018 17:44:29 PM => Enter text into :CreateNote_Utilisation % (post deal)  - Pass
04/10/2018 17:44:29 PM => Step ID :--------- Step_R36
04/10/2018 17:44:30 PM => Enter text into :CreateNote_MTM Details - Pass
04/10/2018 17:44:30 PM => Step ID :--------- Step_R37
04/10/2018 17:44:32 PM => Enter text into :CreateNote_Pending Documentation Exception - Pass
04/10/2018 17:44:32 PM => Step ID :--------- Step_R38
04/10/2018 17:44:33 PM => Enter text into :CreateNote_Sanctioned Limit - Pass
04/10/2018 17:44:33 PM => Step ID :--------- Step_R39
04/10/2018 17:44:34 PM => Enter text into :CreateNote_Treasury Exposure(Prior to Deal) - Pass
04/10/2018 17:44:34 PM => Step ID :--------- Step_R40
04/10/2018 17:44:35 PM => Enter text into :CreateNote_Limits required for the Deal  - Pass
04/10/2018 17:44:35 PM => Step ID :--------- Step_R41
04/10/2018 17:44:36 PM => Enter text into :CreateNote_Treasury Exposure (Post Deal) - Pass
04/10/2018 17:44:36 PM => Step ID :--------- Step_R42
04/10/2018 17:44:37 PM => Enter text into :CreateNote_Limit % Utilized (Post Deal)  - Pass
04/10/2018 17:44:37 PM => Step ID :--------- Step_R43
04/10/2018 17:44:38 PM => Enter text into :CreateNote_In case greater than 100%, reason for the same - Pass
04/10/2018 17:44:38 PM => Step ID :--------- Step_R44
04/10/2018 17:44:39 PM => Enter text into :CreateNote_Tenor Limits as per Sanctioned CAM - Pass
04/10/2018 17:44:39 PM => Step ID :--------- Step_R45
04/10/2018 17:44:40 PM => Enter text into :CreateNote_Deal Tenor - Pass
04/10/2018 17:44:41 PM => Step ID :--------- Step_R46
04/10/2018 17:44:41 PM => Click on :CreateNote_NEXTBTN3 - Pass
04/10/2018 17:44:42 PM => Step ID :--------- Step_R47
04/10/2018 17:44:42 PM => Click on :CreateNote_Customer appropriateness - Pass
04/10/2018 17:44:42 PM => Step ID :--------- Step_R48
04/10/2018 17:44:43 PM => Click on :CreateNote_Customer appropriateness_A - Pass
04/10/2018 17:44:43 PM => Step ID :--------- Step_R49
04/10/2018 17:44:44 PM => Click on :CreateNote_Select Deal - Pass
04/10/2018 17:44:44 PM => Step ID :--------- Step_R50
04/10/2018 17:44:45 PM => Click on :CreateNote_Select Deal_A - Pass
04/10/2018 17:44:45 PM => Step ID :--------- Step_R51
04/10/2018 17:44:46 PM => Enter text into :CreateNote_Appropriateness Comment - Pass
04/10/2018 17:44:46 PM => Step ID :--------- Step_R52
04/10/2018 17:44:47 PM => Enter text into :CreateNote_Underlying for Trade - Pass
04/10/2018 17:44:47 PM => Step ID :--------- Step_R53
04/10/2018 17:44:48 PM => Enter text into :CreateNote_Type of Structure - Pass
04/10/2018 17:44:48 PM => Step ID :--------- Step_R54
04/10/2018 17:44:50 PM => Enter text into :CreateNote_Rationale for the structure - Pass
04/10/2018 17:44:50 PM => Step ID :--------- Step_R55
04/10/2018 17:44:50 PM => Click on :CreateNote_Board Approved ERM - Pass
04/10/2018 17:44:51 PM => Step ID :--------- Step_R56
04/10/2018 17:44:51 PM => Click on :CreateNote_DDLYES - Pass
04/10/2018 17:44:52 PM => Step ID :--------- Step_R57
04/10/2018 17:44:53 PM => Enter text into :CreateNote_Additional comment1 - Pass
04/10/2018 17:44:53 PM => Step ID :--------- Step_R58
04/10/2018 17:44:53 PM => Click on :CreateNote_NEXTBTN4 - Pass
04/10/2018 17:44:54 PM => Step ID :--------- Step_R59
04/10/2018 17:44:54 PM => Element :CreateNote_ONE TIME APPROVALpresent - Pass
04/10/2018 17:44:55 PM => Step ID :--------- Step_R60
