04/10/2018 17:08:32 PM => Environment values............
04/10/2018 17:08:32 PM => >>>>>>>>>>>>>>>>>>>>>>>>>>>>>>>>>>>>>>>>>>>>>>>>>>
04/10/2018 17:08:32 PM => Application on which executed : YBL
04/10/2018 17:08:32 PM => Type of testing : REGRESSION
04/10/2018 17:08:32 PM => Test environment on which application executed : 
04/10/2018 17:08:32 PM => URL : null
04/10/2018 17:08:32 PM => Driver Settings...>>>>>>>>>>>>>>>>>>>>>>>>>>>>>>>>>
04/10/2018 17:08:32 PM => STARTFROMHOMEPAGE <null> : NO
04/10/2018 17:08:32 PM => CLEARCOOKIEFOREACHTEST: NO
04/10/2018 17:08:32 PM => JAVASCRIPTTIMEOUT: 60
04/10/2018 17:08:32 PM => VERIFYJAVASCRIPTERRORS: YES
04/10/2018 17:08:32 PM => ALERTAUTOACCEPT: NO
04/10/2018 17:08:32 PM => Environment file location : /Users/macbook/Documents/iprogrammerAutomation/Config/Env.xml
04/10/2018 17:08:32 PM => Executed on browser : null
04/10/2018 17:08:32 PM => Repository location : /Users/macbook/Documents/iprogrammerAutomation/Repository/YBL_OR.xls
04/10/2018 17:08:32 PM => Suite file name and location : /Users/macbook/Documents/iprogrammerAutomation/Suites/YBL_REGRESSION_Suite.xls
04/10/2018 17:08:32 PM => Test execution report file : /Users/macbook/Documents/iprogrammerAutomation/Reports/04-10-2018_17-08-32-PM_REGRESSION/YBL_TA_Report_null_04-10-2018_17-08-32-PM.xls
04/10/2018 17:08:32 PM => Test execution log file : /Users/macbook/Documents/iprogrammerAutomation/Log/Log_04-10-2018_17-08-32-PM.log
04/10/2018 17:08:32 PM => >>>>>>>>>>>>>>>>>>>>>>>>>>>>>>>>>>>>>>>>>>>>>>>>>>
04/10/2018 17:08:32 PM => TEMPLORARY CURRENT EXECUTION PARAMETERS:
04/10/2018 17:08:32 PM => Templorary folder path : /Users/macbook/Documents/iprogrammerAutomation/Reports/04-10-2018_17-08-32-PM_REGRESSION/Temp/
04/10/2018 17:08:32 PM => Templorary TestSuite path : /Users/macbook/Documents/iprogrammerAutomation/Suites/YBL_REGRESSION_Suite.xls
04/10/2018 17:08:32 PM => Templorary TestLog path : /Users/macbook/Documents/iprogrammerAutomation/Reports/04-10-2018_17-08-32-PM_REGRESSION/Temp/TestExecutionLog.txt
04/10/2018 17:08:32 PM => Screen shot location for this execution : /Users/macbook/Documents/iprogrammerAutomation/Reports/04-10-2018_17-08-32-PM_REGRESSION/Temp/
04/10/2018 17:08:32 PM => >>>>>>>>>>>>>>>>>>>>>>>>>>>>>>>>>>>>>>>>>>>>>>>>>>
