03/10/2018 19:55:04 PM => Environment values............
03/10/2018 19:55:04 PM => >>>>>>>>>>>>>>>>>>>>>>>>>>>>>>>>>>>>>>>>>>>>>>>>>>
03/10/2018 19:55:04 PM => Application on which executed : YBL
03/10/2018 19:55:04 PM => Type of testing : REGRESSION
03/10/2018 19:55:04 PM => Test environment on which application executed : 
03/10/2018 19:55:04 PM => URL : null
03/10/2018 19:55:04 PM => Driver Settings...>>>>>>>>>>>>>>>>>>>>>>>>>>>>>>>>>
03/10/2018 19:55:04 PM => STARTFROMHOMEPAGE <null> : NO
03/10/2018 19:55:04 PM => CLEARCOOKIEFOREACHTEST: NO
03/10/2018 19:55:04 PM => JAVASCRIPTTIMEOUT: 60
03/10/2018 19:55:04 PM => VERIFYJAVASCRIPTERRORS: YES
03/10/2018 19:55:04 PM => ALERTAUTOACCEPT: NO
03/10/2018 19:55:04 PM => Environment file location : /Users/macbook/Documents/iprogrammerAutomation/Config/Env.xml
03/10/2018 19:55:04 PM => Executed on browser : null
03/10/2018 19:55:04 PM => Repository location : /Users/macbook/Documents/iprogrammerAutomation/Repository/YBL_OR.xls
03/10/2018 19:55:04 PM => Suite file name and location : /Users/macbook/Documents/iprogrammerAutomation/Suites/YBL_REGRESSION_Suite.xls
03/10/2018 19:55:04 PM => Test execution report file : /Users/macbook/Documents/iprogrammerAutomation/Reports/03-10-2018_19-55-04-PM_REGRESSION/YBL_TA_Report_null_03-10-2018_19-55-04-PM.xls
03/10/2018 19:55:04 PM => Test execution log file : /Users/macbook/Documents/iprogrammerAutomation/Log/Log_03-10-2018_19-55-04-PM.log
03/10/2018 19:55:04 PM => >>>>>>>>>>>>>>>>>>>>>>>>>>>>>>>>>>>>>>>>>>>>>>>>>>
03/10/2018 19:55:04 PM => TEMPLORARY CURRENT EXECUTION PARAMETERS:
03/10/2018 19:55:04 PM => Templorary folder path : /Users/macbook/Documents/iprogrammerAutomation/Reports/03-10-2018_19-55-04-PM_REGRESSION/Temp/
03/10/2018 19:55:04 PM => Templorary TestSuite path : /Users/macbook/Documents/iprogrammerAutomation/Suites/YBL_REGRESSION_Suite.xls
03/10/2018 19:55:04 PM => Templorary TestLog path : /Users/macbook/Documents/iprogrammerAutomation/Reports/03-10-2018_19-55-04-PM_REGRESSION/Temp/TestExecutionLog.txt
03/10/2018 19:55:04 PM => Screen shot location for this execution : /Users/macbook/Documents/iprogrammerAutomation/Reports/03-10-2018_19-55-04-PM_REGRESSION/Temp/
03/10/2018 19:55:04 PM => >>>>>>>>>>>>>>>>>>>>>>>>>>>>>>>>>>>>>>>>>>>>>>>>>>
03/10/2018 19:55:04 PM => Start Processing OR for YBL App...
03/10/2018 19:55:04 PM => Processing OR for YBL App has been completed in row : 67
03/10/2018 19:55:04 PM => Test Execution was started...
03/10/2018 19:55:04 PM => Start processing script file : testMark1
03/10/2018 19:55:04 PM => Processing to add Common Steps...
03/10/2018 19:55:04 PM => Process of add Common Steps - Completed
03/10/2018 19:55:04 PM => Launch Web Driver process...
03/10/2018 19:55:05 PM => Cannot Find FireFox extension for JavaScript Error collector file
03/10/2018 19:55:12 PM => Script path : /Users/macbook/Documents/iprogrammerAutomation/Reports/03-10-2018_19-55-04-PM_REGRESSION/Temp/testMark1.xls
03/10/2018 19:55:13 PM => Step ID :--------- Step_R01
03/10/2018 19:55:18 PM => Navigate to URLhttp://13.126.191.252/- Pass
03/10/2018 19:55:19 PM => Step ID :--------- Step_R02
03/10/2018 19:55:19 PM => Element :Login_EmailFieldpresent - Pass
03/10/2018 19:55:19 PM => Step ID :--------- Step_R03
03/10/2018 19:55:20 PM => Enter text into :Login_EmailField - Pass
03/10/2018 19:55:20 PM => Step ID :--------- Step_R04
03/10/2018 19:55:21 PM => Enter text into :Login_Password - Pass
03/10/2018 19:55:21 PM => Step ID :--------- Step_R05
03/10/2018 19:55:21 PM => Element :Login_Buttonpresent - Pass
03/10/2018 19:55:21 PM => Step ID :--------- Step_R06
03/10/2018 19:55:22 PM => Click on :Login_Button - Pass
03/10/2018 19:55:22 PM => Step ID :--------- Step_R07
03/10/2018 19:55:22 PM => Element :Dashboard_DiscussionNoteHeadingpresent - Pass
03/10/2018 19:55:23 PM => Step ID :--------- Step_R08
03/10/2018 19:55:24 PM => Click on :Dashboard_CreateNoteButton - Pass
03/10/2018 19:55:25 PM => Step ID :--------- Step_R09
03/10/2018 19:55:30 PM => Enter text into :CreateNote_ClientIntroduction - Pass
03/10/2018 19:55:31 PM => Step ID :--------- Step_R10
03/10/2018 19:55:31 PM => Click on :CreateNote_ClientNames - Pass
03/10/2018 19:55:32 PM => Step ID :--------- Step_R11
03/10/2018 19:55:32 PM => Click on :CreateNote_ClientNames_InfoSystem - Pass
03/10/2018 19:55:33 PM => Step ID :--------- Step_R12
03/10/2018 19:55:34 PM => Enter text into :CreateNote_CompanyOfficials - Pass
03/10/2018 19:55:34 PM => Step ID :--------- Step_R13
03/10/2018 19:55:38 PM => Enter text into :CreateNote_Business of Client - Pass
03/10/2018 19:55:39 PM => Step ID :--------- Step_R14
03/10/2018 19:55:39 PM => Click on :CreateNote_Save And Next1 - Pass
03/10/2018 19:55:40 PM => Step ID :--------- Step_R15
03/10/2018 19:55:40 PM => Element :CreateNote_PRODUCT TYPEpresent - Pass
03/10/2018 19:55:40 PM => Step ID :--------- Step_R16
03/10/2018 19:55:40 PM => Click on :CreateNote_PRODUCT TYPE - Pass
03/10/2018 19:55:41 PM => Step ID :--------- Step_R17
03/10/2018 19:55:41 PM => Click on :CreateNote_PRODUCT TYPE_Long Term Forward - Pass
03/10/2018 19:55:42 PM => Step ID :--------- Step_R18
03/10/2018 19:55:48 PM => Enter text into :CreateNote_Trade Details - Pass
03/10/2018 19:55:48 PM => Step ID :--------- Step_R19
03/10/2018 19:55:51 PM => Enter text into :CreateNote_Appropriateness of the Derivative - Pass
03/10/2018 19:55:51 PM => Step ID :--------- Step_R20
03/10/2018 19:55:51 PM => Click on :CreateNote_Includes Deferred Premium Deal - Pass
03/10/2018 19:55:52 PM => Step ID :--------- Step_R21
03/10/2018 19:55:52 PM => Click on :CreateNote_Includes Deferred Premium Deal_NO - Pass
03/10/2018 19:55:53 PM => Step ID :--------- Step_R22
03/10/2018 19:55:54 PM => Enter text into :CreateNote_Credit Risk - Pass
03/10/2018 19:55:54 PM => Step ID :--------- Step_R23
03/10/2018 19:55:56 PM => Enter text into :CreateNote_Market Risk - Pass
03/10/2018 19:55:56 PM => Step ID :--------- Step_R24
03/10/2018 19:55:56 PM => Click on :CreateNote_Expected EarningsDDL - Pass
03/10/2018 19:55:57 PM => Step ID :--------- Step_R25
03/10/2018 19:55:57 PM => Click on :CreateNote_Expected EarningsDDL (INR) - Pass
03/10/2018 19:55:58 PM => Step ID :--------- Step_R26
03/10/2018 19:55:59 PM => Enter text into :CreateNote_Expected Earnings - Pass
03/10/2018 19:55:59 PM => Step ID :--------- Step_R27
03/10/2018 19:56:00 PM => Enter text into :CreateNote_Recommended Earnings - Pass
03/10/2018 19:56:00 PM => Step ID :--------- Step_R28
03/10/2018 19:56:01 PM => Enter text into :CreateNote_Reasonability Indicator - Pass
03/10/2018 19:56:01 PM => Step ID :--------- Step_R29
03/10/2018 19:56:02 PM => Enter text into :CreateNote_Delta - Pass
03/10/2018 19:56:02 PM => Step ID :--------- Step_R30
03/10/2018 19:56:02 PM => Element :CreateNote_NEXTBTN2present - Pass
03/10/2018 19:56:03 PM => Step ID :--------- Step_R31
03/10/2018 19:56:03 PM => Click on :CreateNote_NEXTBTN2 - Pass
03/10/2018 19:56:04 PM => Step ID :--------- Step_R32
03/10/2018 19:56:04 PM => Element :CreateNote_Board Approved Limitspresent - Pass
03/10/2018 19:56:04 PM => Step ID :--------- Step_R33
03/10/2018 19:56:05 PM => Enter text into :CreateNote_Board Approved Limits - Pass
03/10/2018 19:56:05 PM => Step ID :--------- Step_R34
03/10/2018 19:56:06 PM => Enter text into :CreateNote_Utilisation % (pre deal) - Pass
03/10/2018 19:56:06 PM => Step ID :--------- Step_R35
03/10/2018 19:56:07 PM => Enter text into :CreateNote_Utilisation % (post deal)  - Pass
03/10/2018 19:56:07 PM => Step ID :--------- Step_R36
03/10/2018 19:56:08 PM => Enter text into :CreateNote_MTM Details - Pass
03/10/2018 19:56:08 PM => Step ID :--------- Step_R37
03/10/2018 19:56:10 PM => Enter text into :CreateNote_Pending Documentation Exception - Pass
03/10/2018 19:56:10 PM => Step ID :--------- Step_R38
03/10/2018 19:56:11 PM => Enter text into :CreateNote_Sanctioned Limit - Pass
03/10/2018 19:56:11 PM => Step ID :--------- Step_R39
03/10/2018 19:56:12 PM => Enter text into :CreateNote_Treasury Exposure(Prior to Deal) - Pass
03/10/2018 19:56:12 PM => Step ID :--------- Step_R40
03/10/2018 19:56:13 PM => Enter text into :CreateNote_Limits required for the Deal  - Pass
03/10/2018 19:56:13 PM => Step ID :--------- Step_R41
03/10/2018 19:56:14 PM => Enter text into :CreateNote_Treasury Exposure (Post Deal) - Pass
03/10/2018 19:56:14 PM => Step ID :--------- Step_R42
03/10/2018 19:56:15 PM => Enter text into :CreateNote_Limit % Utilized (Post Deal)  - Pass
03/10/2018 19:56:15 PM => Step ID :--------- Step_R43
03/10/2018 19:56:16 PM => Enter text into :CreateNote_In case greater than 100%, reason for the same - Pass
03/10/2018 19:56:16 PM => Step ID :--------- Step_R44
03/10/2018 19:56:17 PM => Enter text into :CreateNote_Tenor Limits as per Sanctioned CAM - Pass
03/10/2018 19:56:17 PM => Step ID :--------- Step_R45
03/10/2018 19:56:18 PM => Enter text into :CreateNote_Deal Tenor - Pass
03/10/2018 19:56:19 PM => Step ID :--------- Step_R46
03/10/2018 19:56:19 PM => Click on :CreateNote_NEXTBTN3 - Pass
03/10/2018 19:56:20 PM => Step ID :--------- Step_R47
03/10/2018 19:56:20 PM => Click on :CreateNote_Customer appropriateness - Pass
03/10/2018 19:56:20 PM => Step ID :--------- Step_R48
03/10/2018 19:56:21 PM => Click on :CreateNote_Customer appropriateness_A - Pass
03/10/2018 19:56:21 PM => Step ID :--------- Step_R49
03/10/2018 19:56:22 PM => Click on :CreateNote_Select Deal - Pass
03/10/2018 19:56:22 PM => Step ID :--------- Step_R50
03/10/2018 19:56:22 PM => Click on :CreateNote_Select Deal_A - Pass
03/10/2018 19:56:23 PM => Step ID :--------- Step_R51
03/10/2018 19:56:24 PM => Enter text into :CreateNote_Appropriateness Comment - Pass
03/10/2018 19:56:24 PM => Step ID :--------- Step_R52
03/10/2018 19:56:25 PM => Enter text into :CreateNote_Underlying for Trade - Pass
03/10/2018 19:56:25 PM => Step ID :--------- Step_R53
03/10/2018 19:56:26 PM => Enter text into :CreateNote_Type of Structure - Pass
03/10/2018 19:56:26 PM => Step ID :--------- Step_R54
03/10/2018 19:56:27 PM => Enter text into :CreateNote_Rationale for the structure - Pass
03/10/2018 19:56:28 PM => Step ID :--------- Step_R55
03/10/2018 19:56:28 PM => Click on :CreateNote_Board Approved ERM - Pass
03/10/2018 19:56:29 PM => Step ID :--------- Step_R56
03/10/2018 19:56:29 PM => Click on :CreateNote_DDLYES - Pass
03/10/2018 19:56:30 PM => Step ID :--------- Step_R57
03/10/2018 19:56:30 PM => Enter text into :CreateNote_Additional comment1 - Pass
03/10/2018 19:56:31 PM => Step ID :--------- Step_R58
03/10/2018 19:56:31 PM => Click on :CreateNote_NEXTBTN4 - Pass
03/10/2018 19:56:32 PM => Step ID :--------- Step_R59
03/10/2018 19:56:32 PM => Element :CreateNote_ONE TIME APPROVALpresent - Pass
03/10/2018 19:56:32 PM => Step ID :--------- Step_R60
03/10/2018 19:56:42 PM => Pass -  to scroll at the bottom
03/10/2018 19:56:42 PM => Step ID :--------- Step_R61
03/10/2018 19:56:43 PM => Click on :CreateNote_ONE TIME APPROVAL - Pass
03/10/2018 19:56:43 PM => Step ID :--------- Step_R62
03/10/2018 19:56:44 PM => Click on :CreateNote_ONE TIME APPROVALNo - Pass
03/10/2018 19:56:44 PM => Step ID :--------- Step_R63
03/10/2018 19:56:45 PM => Click on :CreateNote_Approver - Pass
03/10/2018 19:56:45 PM => Step ID :--------- Step_R64
03/10/2018 19:56:46 PM => Click on :CreateNote_Approver_mithun - Pass
03/10/2018 19:56:46 PM => Step ID :--------- Step_R66
03/10/2018 19:56:47 PM => Click on :CreateNote_Approver_swami - Pass
03/10/2018 19:56:47 PM => Step ID :--------- Step_R68
03/10/2018 19:56:47 PM => Click on :CreateNote_Approver_sopan - Pass
03/10/2018 19:56:48 PM => Step ID :--------- Step_R69
03/10/2018 19:56:49 PM => Step ID :--------- Step_R70
03/10/2018 19:56:49 PM => Element :CreateNote_SubmitBtnpresent - Pass
03/10/2018 19:56:49 PM => Step ID :--------- Step_R71
03/10/2018 19:56:49 PM => Click on :CreateNote_SubmitBtn - Pass
03/10/2018 19:56:50 PM => Step ID :--------- Step_R72
03/10/2018 19:56:51 PM => Element :FM_SubmittedDN_casesRaisedByMeHeadingpresent - Pass
03/10/2018 19:56:52 PM => Close Webdriver Process - Completed
03/10/2018 19:56:52 PM => ***************************************************************
03/10/2018 19:56:52 PM => ***** Test script result :Pass *****
03/10/2018 19:56:52 PM => *** Test script Execution Time: 01:38.7 ***
03/10/2018 19:56:52 PM => ***************************************************************
03/10/2018 19:56:52 PM => Processing Suite file was completed in row:25
03/10/2018 19:56:52 PM => ==================================
03/10/2018 19:56:52 PM => Total Statistics: 
03/10/2018 19:56:52 PM => Total Tests Run : 1
03/10/2018 19:56:52 PM => Tests PASSED : 1
03/10/2018 19:56:52 PM => Tests FAILED : 0
03/10/2018 19:56:52 PM => JavaScript Errors : 0
03/10/2018 19:56:52 PM => ==================================
03/10/2018 19:56:52 PM => ***TEST RUN PASSED***
03/10/2018 19:56:52 PM => ***********Execution Completed Successfully**********
