04/10/2018 12:56:24 PM => Environment values............
04/10/2018 12:56:24 PM => >>>>>>>>>>>>>>>>>>>>>>>>>>>>>>>>>>>>>>>>>>>>>>>>>>
04/10/2018 12:56:24 PM => Application on which executed : YBL
04/10/2018 12:56:24 PM => Type of testing : REGRESSION
04/10/2018 12:56:24 PM => Test environment on which application executed : 
04/10/2018 12:56:24 PM => URL : null
04/10/2018 12:56:24 PM => Driver Settings...>>>>>>>>>>>>>>>>>>>>>>>>>>>>>>>>>
04/10/2018 12:56:24 PM => STARTFROMHOMEPAGE <null> : NO
04/10/2018 12:56:24 PM => CLEARCOOKIEFOREACHTEST: NO
04/10/2018 12:56:24 PM => JAVASCRIPTTIMEOUT: 60
04/10/2018 12:56:24 PM => VERIFYJAVASCRIPTERRORS: YES
04/10/2018 12:56:24 PM => ALERTAUTOACCEPT: NO
04/10/2018 12:56:24 PM => Environment file location : /Users/macbook/Documents/iprogrammerAutomation/Config/Env.xml
04/10/2018 12:56:24 PM => Executed on browser : null
04/10/2018 12:56:24 PM => Repository location : /Users/macbook/Documents/iprogrammerAutomation/Repository/YBL_OR.xls
04/10/2018 12:56:24 PM => Suite file name and location : /Users/macbook/Documents/iprogrammerAutomation/Suites/YBL_REGRESSION_Suite.xls
04/10/2018 12:56:24 PM => Test execution report file : /Users/macbook/Documents/iprogrammerAutomation/Reports/04-10-2018_12-56-24-PM_REGRESSION/YBL_TA_Report_null_04-10-2018_12-56-24-PM.xls
04/10/2018 12:56:24 PM => Test execution log file : /Users/macbook/Documents/iprogrammerAutomation/Log/Log_04-10-2018_12-56-24-PM.log
04/10/2018 12:56:24 PM => >>>>>>>>>>>>>>>>>>>>>>>>>>>>>>>>>>>>>>>>>>>>>>>>>>
04/10/2018 12:56:24 PM => TEMPLORARY CURRENT EXECUTION PARAMETERS:
04/10/2018 12:56:24 PM => Templorary folder path : /Users/macbook/Documents/iprogrammerAutomation/Reports/04-10-2018_12-56-24-PM_REGRESSION/Temp/
04/10/2018 12:56:24 PM => Templorary TestSuite path : /Users/macbook/Documents/iprogrammerAutomation/Suites/YBL_REGRESSION_Suite.xls
04/10/2018 12:56:24 PM => Templorary TestLog path : /Users/macbook/Documents/iprogrammerAutomation/Reports/04-10-2018_12-56-24-PM_REGRESSION/Temp/TestExecutionLog.txt
04/10/2018 12:56:24 PM => Screen shot location for this execution : /Users/macbook/Documents/iprogrammerAutomation/Reports/04-10-2018_12-56-24-PM_REGRESSION/Temp/
04/10/2018 12:56:24 PM => >>>>>>>>>>>>>>>>>>>>>>>>>>>>>>>>>>>>>>>>>>>>>>>>>>
04/10/2018 12:56:24 PM => Environment values............
04/10/2018 12:56:24 PM => >>>>>>>>>>>>>>>>>>>>>>>>>>>>>>>>>>>>>>>>>>>>>>>>>>
04/10/2018 12:56:24 PM => Application on which executed : YBL
04/10/2018 12:56:24 PM => Type of testing : REGRESSION
04/10/2018 12:56:24 PM => Test environment on which application executed : 
04/10/2018 12:56:24 PM => URL : null
04/10/2018 12:56:24 PM => Driver Settings...>>>>>>>>>>>>>>>>>>>>>>>>>>>>>>>>>
04/10/2018 12:56:24 PM => STARTFROMHOMEPAGE <null> : NO
04/10/2018 12:56:24 PM => CLEARCOOKIEFOREACHTEST: NO
04/10/2018 12:56:24 PM => JAVASCRIPTTIMEOUT: 60
04/10/2018 12:56:24 PM => VERIFYJAVASCRIPTERRORS: YES
04/10/2018 12:56:24 PM => ALERTAUTOACCEPT: NO
04/10/2018 12:56:24 PM => Environment file location : /Users/macbook/Documents/iprogrammerAutomation/Config/Env.xml
04/10/2018 12:56:24 PM => Executed on browser : null
04/10/2018 12:56:24 PM => Repository location : /Users/macbook/Documents/iprogrammerAutomation/Repository/YBL_OR.xls
04/10/2018 12:56:24 PM => Suite file name and location : /Users/macbook/Documents/iprogrammerAutomation/Suites/YBL_REGRESSION_Suite.xls
04/10/2018 12:56:24 PM => Test execution report file : /Users/macbook/Documents/iprogrammerAutomation/Reports/04-10-2018_12-56-24-PM_REGRESSION/YBL_TA_Report_null_04-10-2018_12-56-24-PM.xls
04/10/2018 12:56:24 PM => Test execution log file : /Users/macbook/Documents/iprogrammerAutomation/Log/Log_04-10-2018_12-56-24-PM.log
04/10/2018 12:56:24 PM => >>>>>>>>>>>>>>>>>>>>>>>>>>>>>>>>>>>>>>>>>>>>>>>>>>
04/10/2018 12:56:24 PM => TEMPLORARY CURRENT EXECUTION PARAMETERS:
04/10/2018 12:56:24 PM => Templorary folder path : /Users/macbook/Documents/iprogrammerAutomation/Reports/04-10-2018_12-56-24-PM_REGRESSION/Temp/
04/10/2018 12:56:24 PM => Templorary TestSuite path : /Users/macbook/Documents/iprogrammerAutomation/Suites/YBL_REGRESSION_Suite.xls
04/10/2018 12:56:24 PM => Templorary TestLog path : /Users/macbook/Documents/iprogrammerAutomation/Reports/04-10-2018_12-56-24-PM_REGRESSION/Temp/TestExecutionLog.txt
04/10/2018 12:56:24 PM => Screen shot location for this execution : /Users/macbook/Documents/iprogrammerAutomation/Reports/04-10-2018_12-56-24-PM_REGRESSION/Temp/
04/10/2018 12:56:24 PM => >>>>>>>>>>>>>>>>>>>>>>>>>>>>>>>>>>>>>>>>>>>>>>>>>>
04/10/2018 12:56:25 PM => Start Processing OR for YBL App...
04/10/2018 12:56:25 PM => Processing OR for YBL App has been completed in row : 67
04/10/2018 12:56:25 PM => Test Execution was started...
04/10/2018 12:56:25 PM => Start processing script file : testMark1
04/10/2018 12:56:25 PM => Processing to add Common Steps...
